1645398059176	geckodriver	INFO	Listening on 127.0.0.1:38673
1645398059182	mozrunner::runner	INFO	Running command: "/usr/local/bin/firefox" "--marionette" "--remote-debugging-port" "36943" "-no-remote" "-profile" "/tmp/rust_mozprofileUB2f1T"
[GFX1-]: glxtest: libpci missing
[GFX1-]: glxtest: libEGL missing
1645398059948	Marionette	INFO	Marionette enabled
console.warn: SearchSettings: "get: No settings file exists, new profile?" (new NotFoundError("Could not open the file at /tmp/rust_mozprofileUB2f1T/search.json.mozlz4", (void 0)))
DevTools listening on ws://localhost:36943/devtools/browser/3de832e7-4c87-464a-be2d-188bf1870b20
1645398061904	Marionette	INFO	Listening on port 45301
1645398062020	RemoteAgent	WARN	TLS certificate errors will be ignored for this session
1645398370712	geckodriver	INFO	Listening on 127.0.0.1:40251
1645398370717	mozrunner::runner	INFO	Running command: "/usr/local/bin/firefox" "--marionette" "--remote-debugging-port" "52305" "-no-remote" "-profile" "/tmp/rust_mozprofileyC6sOF"
[GFX1-]: glxtest: libpci missing
[GFX1-]: glxtest: libEGL missing
1645398371313	Marionette	INFO	Marionette enabled
console.warn: SearchSettings: "get: No settings file exists, new profile?" (new NotFoundError("Could not open the file at /tmp/rust_mozprofileyC6sOF/search.json.mozlz4", (void 0)))
DevTools listening on ws://localhost:52305/devtools/browser/976e3817-0f26-44ae-8926-01c8344daa2a
1645398373216	Marionette	INFO	Listening on port 34859
1645398373255	RemoteAgent	WARN	TLS certificate errors will be ignored for this session
1645398384722	Marionette	INFO	Stopped listening on port 34859
JavaScript error: resource:///modules/Interactions.jsm, line 230: NS_ERROR_FAILURE: Component returned failure code: 0x80004005 (NS_ERROR_FAILURE) [nsIUserIdleService.removeIdleObserver]

###!!! [Parent][RunMessage] Error: Channel closing: too late to send/recv, messages will be lost

1645398751899	geckodriver	INFO	Listening on 127.0.0.1:49973
1645398751904	mozrunner::runner	INFO	Running command: "/usr/local/bin/firefox" "--marionette" "--remote-debugging-port" "50187" "-no-remote" "-profile" "/tmp/rust_mozprofileyOZeYe"
[GFX1-]: glxtest: libpci missing
[GFX1-]: glxtest: libEGL missing
1645398752511	Marionette	INFO	Marionette enabled
console.warn: SearchSettings: "get: No settings file exists, new profile?" (new NotFoundError("Could not open the file at /tmp/rust_mozprofileyOZeYe/search.json.mozlz4", (void 0)))
DevTools listening on ws://localhost:50187/devtools/browser/42e22fc3-84fa-4506-b969-2cf10b6e9b1e
1645398754381	Marionette	INFO	Listening on port 43177
1645398754441	RemoteAgent	WARN	TLS certificate errors will be ignored for this session
1645398766450	Marionette	INFO	Stopped listening on port 43177
JavaScript error: resource:///modules/Interactions.jsm, line 230: NS_ERROR_FAILURE: Component returned failure code: 0x80004005 (NS_ERROR_FAILURE) [nsIUserIdleService.removeIdleObserver]

###!!! [Child][RunMessage] Error: Channel closing: too late to send/recv, messages will be lost


###!!! [Parent][RunMessage] Error: Channel closing: too late to send/recv, messages will be lost

